16:23:11 DEBUG : Logs will be stored at '/home/zhihaow6/Desktop/Vitis/Lab6.1/IDE.log'.
16:23:12 INFO  : Launching XSCT server: xsct -n  -interactive /home/zhihaow6/Desktop/Vitis/Lab6.1/temp_xsdb_launch_script.tcl
16:23:12 INFO  : Platform repository initialization has completed.
16:23:12 INFO  : Registering command handlers for Vitis TCF services
16:23:14 INFO  : XSCT server has started successfully.
16:23:14 INFO  : plnx-install-location is set to ''
16:23:14 INFO  : Successfully done setting XSCT server connection channel  
16:23:14 INFO  : Successfully done query RDI_DATADIR 
16:23:14 INFO  : Successfully done setting workspace for the tool. 
16:49:03 INFO  : Result from executing command 'getProjects': mb_intro_top
16:49:03 INFO  : Result from executing command 'getPlatforms': 
16:49:03 WARN  : An unexpected exception occurred in the module 'platform project logging'
16:49:03 INFO  : Platform 'mb_intro_top' is added to custom repositories.
16:49:05 INFO  : Platform 'mb_intro_top' is added to custom repositories.
20:09:27 INFO  : Result from executing command 'getProjects': mb_intro_top
20:09:27 INFO  : Result from executing command 'getPlatforms': mb_intro_top|/home/zhihaow6/Desktop/Vitis/Lab6.1/mb_intro_top/export/mb_intro_top/mb_intro_top.xpfm
20:09:30 INFO  : Checking for BSP changes to sync application flags for project 'mb_blink'...
20:10:59 INFO  : Checking for BSP changes to sync application flags for project 'mb_blink'...
20:11:56 INFO  : Checking for BSP changes to sync application flags for project 'mb_blink'...
20:49:38 INFO  : Connected to target on host '127.0.0.1' and port '3121'.
20:49:38 INFO  : Jtag cable 'RealDigital Boo 8874292301D5A' is selected.
20:49:38 INFO  : 'jtag frequency' command is executed.
20:49:38 INFO  : 'targets -set -filter {jtag_cable_name =~ "RealDigital Boo 8874292301D5A" && level==0 && jtag_device_ctx=="jsn1-0362f093-0"}' command is executed.
20:49:40 INFO  : Device configured successfully with "/home/zhihaow6/Desktop/Vitis/Lab6.1/mb_blink/_ide/bitstream/mb_intro_top.bit"
20:49:40 INFO  : Context for processor 'microblaze_0' is selected.
20:49:40 INFO  : Hardware design and registers information is loaded from '/home/zhihaow6/Desktop/Vitis/Lab6.1/mb_intro_top/export/mb_intro_top/hw/mb_intro_top.xsa'.
20:49:40 INFO  : 'configparams mdm-detect-bscan-mask 2' command is executed.
20:49:40 INFO  : Context for processor 'microblaze_0' is selected.
20:49:40 INFO  : System reset is completed.
20:49:43 INFO  : 'after 3000' command is executed.
20:49:43 INFO  : Context for processor 'microblaze_0' is selected.
20:49:43 INFO  : The application '/home/zhihaow6/Desktop/Vitis/Lab6.1/mb_blink/Debug/mb_blink.elf' is downloaded to processor 'microblaze_0'.
20:49:43 INFO  : ----------------XSDB Script----------------
connect -url tcp:127.0.0.1:3121
targets -set -filter {jtag_cable_name =~ "RealDigital Boo 8874292301D5A" && level==0 && jtag_device_ctx=="jsn1-0362f093-0"}
fpga -file /home/zhihaow6/Desktop/Vitis/Lab6.1/mb_blink/_ide/bitstream/mb_intro_top.bit
targets -set -nocase -filter {name =~ "*microblaze*#0" && bscan=="USER2" }
loadhw -hw /home/zhihaow6/Desktop/Vitis/Lab6.1/mb_intro_top/export/mb_intro_top/hw/mb_intro_top.xsa -regs
configparams mdm-detect-bscan-mask 2
targets -set -nocase -filter {name =~ "*microblaze*#0" && bscan=="USER2" }
rst -system
after 3000
targets -set -nocase -filter {name =~ "*microblaze*#0" && bscan=="USER2" }
dow /home/zhihaow6/Desktop/Vitis/Lab6.1/mb_blink/Debug/mb_blink.elf
----------------End of Script----------------

20:49:43 INFO  : Context for processor 'microblaze_0' is selected.
20:49:43 INFO  : 'con' command is executed.
20:49:43 INFO  : ----------------XSDB Script (After Launch)----------------
targets -set -nocase -filter {name =~ "*microblaze*#0" && bscan=="USER2" }
con
----------------End of Script----------------

20:49:43 INFO  : Disconnected from the channel tcfchan#2.
22:02:54 INFO  : Hardware specification for platform project 'mb_intro_top' is updated.
22:03:29 INFO  : Result from executing command 'removePlatformRepo': 
22:03:35 INFO  : Result from executing command 'getProjects': mb_intro_top
22:03:35 INFO  : Result from executing command 'getPlatforms': 
22:03:38 INFO  : Checking for BSP changes to sync application flags for project 'mb_blink'...
22:03:38 INFO  : Updating application flags with new BSP settings...
22:03:38 ERROR : Failed to update application flags from BSP for 'mb_blink'. Reason: null
java.lang.NullPointerException: null
	at com.xilinx.sdk.sw.internal.SwDb.getComponentAppCompilerFlags(SwDb.java:761) ~[com.xilinx.sdk.sw_1.0.0.202210132147.jar:?]
	at com.xilinx.sdx.sw.internal.SDxSwPlatform.getSwPlatformCompilerFlags(SDxSwPlatform.java:1177) ~[com.xilinx.sdx.sw_1.0.0.202210132147.jar:?]
	at com.xilinx.sdx.sdk.core.build.AppSwBuildOptionsHelper.inferSwPlatformFlags(AppSwBuildOptionsHelper.java:54) ~[com.xilinx.sdx.sdk.core_1.0.0.202210132147.jar:?]
	at com.xilinx.sdx.sdk.core.build.AppSwBuildOptionsHelper.updateBuildOptions(AppSwBuildOptionsHelper.java:46) ~[com.xilinx.sdx.sdk.core_1.0.0.202210132147.jar:?]
	at com.xilinx.sdx.sdk.core.build.SdkMakefileGenerationListener.updateSwBuildOptions(SdkMakefileGenerationListener.java:215) ~[com.xilinx.sdx.sdk.core_1.0.0.202210132147.jar:?]
	at com.xilinx.sdx.sdk.core.build.SdkMakefileGenerationListener.syncAppFlags(SdkMakefileGenerationListener.java:99) [com.xilinx.sdx.sdk.core_1.0.0.202210132147.jar:?]
	at com.xilinx.sdx.sdk.core.build.SdkMakefileGenerationListener.preMakefileGeneration(SdkMakefileGenerationListener.java:48) [com.xilinx.sdx.sdk.core_1.0.0.202210132147.jar:?]
	at com.xilinx.sdk.managedbuilder.XilinxGnuMakefileGenerator.notifyPreMakefileGenerationListeners(XilinxGnuMakefileGenerator.java:91) [com.xilinx.sdk.managedbuilder_1.0.0.202210132147.jar:?]
	at com.xilinx.sdk.managedbuilder.XilinxGnuMakefileGenerator.regenerateMakefiles(XilinxGnuMakefileGenerator.java:75) [com.xilinx.sdk.managedbuilder_1.0.0.202210132147.jar:?]
	at org.eclipse.cdt.managedbuilder.internal.core.CommonBuilder.performMakefileGeneration(CommonBuilder.java:1006) [org.eclipse.cdt.managedbuilder.core_8.6.0.201802261533.jar:?]
	at org.eclipse.cdt.managedbuilder.internal.core.CommonBuilder.performPrebuildGeneration(CommonBuilder.java:873) [org.eclipse.cdt.managedbuilder.core_8.6.0.201802261533.jar:?]
	at org.eclipse.cdt.managedbuilder.internal.core.CommonBuilder.build(CommonBuilder.java:748) [org.eclipse.cdt.managedbuilder.core_8.6.0.201802261533.jar:?]
	at org.eclipse.cdt.managedbuilder.internal.core.CommonBuilder.build(CommonBuilder.java:513) [org.eclipse.cdt.managedbuilder.core_8.6.0.201802261533.jar:?]
	at org.eclipse.cdt.managedbuilder.internal.core.CommonBuilder.build(CommonBuilder.java:459) [org.eclipse.cdt.managedbuilder.core_8.6.0.201802261533.jar:?]
	at org.eclipse.core.internal.events.BuildManager$2.run(BuildManager.java:832) [org.eclipse.core.resources_3.13.700.v20200209-1624.jar:?]
	at org.eclipse.core.runtime.SafeRunner.run(SafeRunner.java:45) [org.eclipse.equinox.common_3.11.0.v20200206-0817.jar:?]
	at org.eclipse.core.internal.events.BuildManager.basicBuild(BuildManager.java:220) [org.eclipse.core.resources_3.13.700.v20200209-1624.jar:?]
	at org.eclipse.core.internal.events.BuildManager.basicBuild(BuildManager.java:263) [org.eclipse.core.resources_3.13.700.v20200209-1624.jar:?]
	at org.eclipse.core.internal.events.BuildManager$1.run(BuildManager.java:316) [org.eclipse.core.resources_3.13.700.v20200209-1624.jar:?]
	at org.eclipse.core.runtime.SafeRunner.run(SafeRunner.java:45) [org.eclipse.equinox.common_3.11.0.v20200206-0817.jar:?]
	at org.eclipse.core.internal.events.BuildManager.basicBuild(BuildManager.java:319) [org.eclipse.core.resources_3.13.700.v20200209-1624.jar:?]
	at org.eclipse.core.internal.events.BuildManager.basicBuildLoop(BuildManager.java:371) [org.eclipse.core.resources_3.13.700.v20200209-1624.jar:?]
	at org.eclipse.core.internal.events.BuildManager.build(BuildManager.java:392) [org.eclipse.core.resources_3.13.700.v20200209-1624.jar:?]
	at org.eclipse.core.internal.resources.Workspace.buildInternal(Workspace.java:515) [org.eclipse.core.resources_3.13.700.v20200209-1624.jar:?]
	at org.eclipse.core.internal.resources.Workspace.build(Workspace.java:412) [org.eclipse.core.resources_3.13.700.v20200209-1624.jar:?]
	at org.eclipse.ui.actions.BuildAction$1.runInWorkspace(BuildAction.java:291) [org.eclipse.ui.ide_3.17.0.v20200217-1511.jar:?]
	at org.eclipse.core.internal.resources.InternalWorkspaceJob.run(InternalWorkspaceJob.java:42) [org.eclipse.core.resources_3.13.700.v20200209-1624.jar:?]
	at org.eclipse.core.internal.jobs.Worker.run(Worker.java:63) [org.eclipse.core.jobs_3.10.700.v20200106-1020.jar:?]
22:03:39 INFO  : The hardware specification used by project 'mb_blink' is out of sync with the platform. Resource files extracted from the hardware specification will be updated.
22:03:39 INFO  : The file '/home/zhihaow6/Desktop/Vitis/Lab6.1/mb_blink/_ide/bitstream/mb_intro_top.bit' stored in project is removed.
22:03:39 INFO  : The file '/home/zhihaow6/Desktop/Vitis/Lab6.1/mb_blink/_ide/bitstream/mb_intro_top.mmi' stored in project is removed.
22:03:39 INFO  : The updated bitstream files are copied from platform to folder '/home/zhihaow6/Desktop/Vitis/Lab6.1/mb_blink/_ide/bitstream' in project 'mb_blink'.
22:05:39 INFO  : Result from executing command 'removePlatformRepo': 
22:05:45 INFO  : Result from executing command 'getProjects': mb_intro_top
22:05:45 INFO  : Result from executing command 'getPlatforms': 
22:05:48 INFO  : Checking for BSP changes to sync application flags for project 'mb_blink'...
22:05:48 INFO  : Updating application flags with new BSP settings...
22:05:48 ERROR : Failed to update application flags from BSP for 'mb_blink'. Reason: null
java.lang.NullPointerException: null
	at com.xilinx.sdk.sw.internal.SwDb.getComponentAppCompilerFlags(SwDb.java:761) ~[com.xilinx.sdk.sw_1.0.0.202210132147.jar:?]
	at com.xilinx.sdx.sw.internal.SDxSwPlatform.getSwPlatformCompilerFlags(SDxSwPlatform.java:1177) ~[com.xilinx.sdx.sw_1.0.0.202210132147.jar:?]
	at com.xilinx.sdx.sdk.core.build.AppSwBuildOptionsHelper.inferSwPlatformFlags(AppSwBuildOptionsHelper.java:54) ~[com.xilinx.sdx.sdk.core_1.0.0.202210132147.jar:?]
	at com.xilinx.sdx.sdk.core.build.AppSwBuildOptionsHelper.updateBuildOptions(AppSwBuildOptionsHelper.java:46) ~[com.xilinx.sdx.sdk.core_1.0.0.202210132147.jar:?]
	at com.xilinx.sdx.sdk.core.build.SdkMakefileGenerationListener.updateSwBuildOptions(SdkMakefileGenerationListener.java:215) ~[com.xilinx.sdx.sdk.core_1.0.0.202210132147.jar:?]
	at com.xilinx.sdx.sdk.core.build.SdkMakefileGenerationListener.syncAppFlags(SdkMakefileGenerationListener.java:99) [com.xilinx.sdx.sdk.core_1.0.0.202210132147.jar:?]
	at com.xilinx.sdx.sdk.core.build.SdkMakefileGenerationListener.preMakefileGeneration(SdkMakefileGenerationListener.java:48) [com.xilinx.sdx.sdk.core_1.0.0.202210132147.jar:?]
	at com.xilinx.sdk.managedbuilder.XilinxGnuMakefileGenerator.notifyPreMakefileGenerationListeners(XilinxGnuMakefileGenerator.java:91) [com.xilinx.sdk.managedbuilder_1.0.0.202210132147.jar:?]
	at com.xilinx.sdk.managedbuilder.XilinxGnuMakefileGenerator.regenerateMakefiles(XilinxGnuMakefileGenerator.java:75) [com.xilinx.sdk.managedbuilder_1.0.0.202210132147.jar:?]
	at org.eclipse.cdt.managedbuilder.internal.core.CommonBuilder.performMakefileGeneration(CommonBuilder.java:1006) [org.eclipse.cdt.managedbuilder.core_8.6.0.201802261533.jar:?]
	at org.eclipse.cdt.managedbuilder.internal.core.CommonBuilder.performPrebuildGeneration(CommonBuilder.java:873) [org.eclipse.cdt.managedbuilder.core_8.6.0.201802261533.jar:?]
	at org.eclipse.cdt.managedbuilder.internal.core.CommonBuilder.build(CommonBuilder.java:748) [org.eclipse.cdt.managedbuilder.core_8.6.0.201802261533.jar:?]
	at org.eclipse.cdt.managedbuilder.internal.core.CommonBuilder.build(CommonBuilder.java:513) [org.eclipse.cdt.managedbuilder.core_8.6.0.201802261533.jar:?]
	at org.eclipse.cdt.managedbuilder.internal.core.CommonBuilder.build(CommonBuilder.java:459) [org.eclipse.cdt.managedbuilder.core_8.6.0.201802261533.jar:?]
	at org.eclipse.core.internal.events.BuildManager$2.run(BuildManager.java:832) [org.eclipse.core.resources_3.13.700.v20200209-1624.jar:?]
	at org.eclipse.core.runtime.SafeRunner.run(SafeRunner.java:45) [org.eclipse.equinox.common_3.11.0.v20200206-0817.jar:?]
	at org.eclipse.core.internal.events.BuildManager.basicBuild(BuildManager.java:220) [org.eclipse.core.resources_3.13.700.v20200209-1624.jar:?]
	at org.eclipse.core.internal.events.BuildManager.basicBuild(BuildManager.java:263) [org.eclipse.core.resources_3.13.700.v20200209-1624.jar:?]
	at org.eclipse.core.internal.events.BuildManager$1.run(BuildManager.java:316) [org.eclipse.core.resources_3.13.700.v20200209-1624.jar:?]
	at org.eclipse.core.runtime.SafeRunner.run(SafeRunner.java:45) [org.eclipse.equinox.common_3.11.0.v20200206-0817.jar:?]
	at org.eclipse.core.internal.events.BuildManager.basicBuild(BuildManager.java:319) [org.eclipse.core.resources_3.13.700.v20200209-1624.jar:?]
	at org.eclipse.core.internal.events.BuildManager.basicBuildLoop(BuildManager.java:371) [org.eclipse.core.resources_3.13.700.v20200209-1624.jar:?]
	at org.eclipse.core.internal.events.BuildManager.build(BuildManager.java:392) [org.eclipse.core.resources_3.13.700.v20200209-1624.jar:?]
	at org.eclipse.core.internal.resources.Workspace.buildInternal(Workspace.java:515) [org.eclipse.core.resources_3.13.700.v20200209-1624.jar:?]
	at org.eclipse.core.internal.resources.Workspace.build(Workspace.java:412) [org.eclipse.core.resources_3.13.700.v20200209-1624.jar:?]
	at org.eclipse.ui.actions.BuildAction$1.runInWorkspace(BuildAction.java:291) [org.eclipse.ui.ide_3.17.0.v20200217-1511.jar:?]
	at org.eclipse.core.internal.resources.InternalWorkspaceJob.run(InternalWorkspaceJob.java:42) [org.eclipse.core.resources_3.13.700.v20200209-1624.jar:?]
	at org.eclipse.core.internal.jobs.Worker.run(Worker.java:63) [org.eclipse.core.jobs_3.10.700.v20200106-1020.jar:?]
22:07:03 INFO  : Connected to target on host '127.0.0.1' and port '3121'.
22:07:03 INFO  : Jtag cable 'RealDigital Boo 8874292301D5A' is selected.
22:07:03 INFO  : 'jtag frequency' command is executed.
22:07:03 INFO  : 'targets -set -filter {jtag_cable_name =~ "RealDigital Boo 8874292301D5A" && level==0 && jtag_device_ctx=="jsn1-0362f093-0"}' command is executed.
22:07:04 INFO  : Device configured successfully with "/home/zhihaow6/Desktop/Vitis/Lab6.1/mb_blink/_ide/bitstream/mb_intro_top.bit"
22:07:04 INFO  : Context for processor 'microblaze_0' is selected.
22:07:04 INFO  : Hardware design and registers information is loaded from '/home/zhihaow6/Desktop/Vitis/Lab6.1/mb_intro_top/export/mb_intro_top/hw/mb_intro_top.xsa'.
22:07:04 INFO  : 'configparams mdm-detect-bscan-mask 2' command is executed.
22:07:04 INFO  : Context for processor 'microblaze_0' is selected.
22:07:04 INFO  : System reset is completed.
22:07:07 INFO  : 'after 3000' command is executed.
22:07:07 INFO  : Context for processor 'microblaze_0' is selected.
22:07:07 INFO  : The application '/home/zhihaow6/Desktop/Vitis/Lab6.1/mb_blink/Debug/mb_blink.elf' is downloaded to processor 'microblaze_0'.
22:07:07 INFO  : ----------------XSDB Script----------------
connect -url tcp:127.0.0.1:3121
targets -set -filter {jtag_cable_name =~ "RealDigital Boo 8874292301D5A" && level==0 && jtag_device_ctx=="jsn1-0362f093-0"}
fpga -file /home/zhihaow6/Desktop/Vitis/Lab6.1/mb_blink/_ide/bitstream/mb_intro_top.bit
targets -set -nocase -filter {name =~ "*microblaze*#0" && bscan=="USER2" }
loadhw -hw /home/zhihaow6/Desktop/Vitis/Lab6.1/mb_intro_top/export/mb_intro_top/hw/mb_intro_top.xsa -regs
configparams mdm-detect-bscan-mask 2
targets -set -nocase -filter {name =~ "*microblaze*#0" && bscan=="USER2" }
rst -system
after 3000
targets -set -nocase -filter {name =~ "*microblaze*#0" && bscan=="USER2" }
dow /home/zhihaow6/Desktop/Vitis/Lab6.1/mb_blink/Debug/mb_blink.elf
----------------End of Script----------------

22:07:07 INFO  : Context for processor 'microblaze_0' is selected.
22:07:07 INFO  : 'con' command is executed.
22:07:07 INFO  : ----------------XSDB Script (After Launch)----------------
targets -set -nocase -filter {name =~ "*microblaze*#0" && bscan=="USER2" }
con
----------------End of Script----------------

22:07:07 INFO  : Disconnected from the channel tcfchan#7.
22:23:16 INFO  : Result from executing command 'removePlatformRepo': 
22:23:32 INFO  : Result from executing command 'getProjects': mb_intro_top
22:23:32 INFO  : Result from executing command 'getPlatforms': 
22:23:35 INFO  : Checking for BSP changes to sync application flags for project 'mb_blink'...
22:23:35 INFO  : Updating application flags with new BSP settings...
22:23:35 ERROR : Failed to update application flags from BSP for 'mb_blink'. Reason: null
java.lang.NullPointerException: null
	at com.xilinx.sdk.sw.internal.SwDb.getComponentAppCompilerFlags(SwDb.java:761) ~[com.xilinx.sdk.sw_1.0.0.202210132147.jar:?]
	at com.xilinx.sdx.sw.internal.SDxSwPlatform.getSwPlatformCompilerFlags(SDxSwPlatform.java:1177) ~[com.xilinx.sdx.sw_1.0.0.202210132147.jar:?]
	at com.xilinx.sdx.sdk.core.build.AppSwBuildOptionsHelper.inferSwPlatformFlags(AppSwBuildOptionsHelper.java:54) ~[com.xilinx.sdx.sdk.core_1.0.0.202210132147.jar:?]
	at com.xilinx.sdx.sdk.core.build.AppSwBuildOptionsHelper.updateBuildOptions(AppSwBuildOptionsHelper.java:46) ~[com.xilinx.sdx.sdk.core_1.0.0.202210132147.jar:?]
	at com.xilinx.sdx.sdk.core.build.SdkMakefileGenerationListener.updateSwBuildOptions(SdkMakefileGenerationListener.java:215) ~[com.xilinx.sdx.sdk.core_1.0.0.202210132147.jar:?]
	at com.xilinx.sdx.sdk.core.build.SdkMakefileGenerationListener.syncAppFlags(SdkMakefileGenerationListener.java:99) [com.xilinx.sdx.sdk.core_1.0.0.202210132147.jar:?]
	at com.xilinx.sdx.sdk.core.build.SdkMakefileGenerationListener.preMakefileGeneration(SdkMakefileGenerationListener.java:48) [com.xilinx.sdx.sdk.core_1.0.0.202210132147.jar:?]
	at com.xilinx.sdk.managedbuilder.XilinxGnuMakefileGenerator.notifyPreMakefileGenerationListeners(XilinxGnuMakefileGenerator.java:91) [com.xilinx.sdk.managedbuilder_1.0.0.202210132147.jar:?]
	at com.xilinx.sdk.managedbuilder.XilinxGnuMakefileGenerator.regenerateMakefiles(XilinxGnuMakefileGenerator.java:75) [com.xilinx.sdk.managedbuilder_1.0.0.202210132147.jar:?]
	at org.eclipse.cdt.managedbuilder.internal.core.CommonBuilder.performMakefileGeneration(CommonBuilder.java:1006) [org.eclipse.cdt.managedbuilder.core_8.6.0.201802261533.jar:?]
	at org.eclipse.cdt.managedbuilder.internal.core.CommonBuilder.performPrebuildGeneration(CommonBuilder.java:873) [org.eclipse.cdt.managedbuilder.core_8.6.0.201802261533.jar:?]
	at org.eclipse.cdt.managedbuilder.internal.core.CommonBuilder.build(CommonBuilder.java:748) [org.eclipse.cdt.managedbuilder.core_8.6.0.201802261533.jar:?]
	at org.eclipse.cdt.managedbuilder.internal.core.CommonBuilder.build(CommonBuilder.java:513) [org.eclipse.cdt.managedbuilder.core_8.6.0.201802261533.jar:?]
	at org.eclipse.cdt.managedbuilder.internal.core.CommonBuilder.build(CommonBuilder.java:459) [org.eclipse.cdt.managedbuilder.core_8.6.0.201802261533.jar:?]
	at org.eclipse.core.internal.events.BuildManager$2.run(BuildManager.java:832) [org.eclipse.core.resources_3.13.700.v20200209-1624.jar:?]
	at org.eclipse.core.runtime.SafeRunner.run(SafeRunner.java:45) [org.eclipse.equinox.common_3.11.0.v20200206-0817.jar:?]
	at org.eclipse.core.internal.events.BuildManager.basicBuild(BuildManager.java:220) [org.eclipse.core.resources_3.13.700.v20200209-1624.jar:?]
	at org.eclipse.core.internal.events.BuildManager.basicBuild(BuildManager.java:263) [org.eclipse.core.resources_3.13.700.v20200209-1624.jar:?]
	at org.eclipse.core.internal.events.BuildManager$1.run(BuildManager.java:316) [org.eclipse.core.resources_3.13.700.v20200209-1624.jar:?]
	at org.eclipse.core.runtime.SafeRunner.run(SafeRunner.java:45) [org.eclipse.equinox.common_3.11.0.v20200206-0817.jar:?]
	at org.eclipse.core.internal.events.BuildManager.basicBuild(BuildManager.java:319) [org.eclipse.core.resources_3.13.700.v20200209-1624.jar:?]
	at org.eclipse.core.internal.events.BuildManager.basicBuildLoop(BuildManager.java:371) [org.eclipse.core.resources_3.13.700.v20200209-1624.jar:?]
	at org.eclipse.core.internal.events.BuildManager.build(BuildManager.java:392) [org.eclipse.core.resources_3.13.700.v20200209-1624.jar:?]
	at org.eclipse.core.internal.resources.Workspace.buildInternal(Workspace.java:515) [org.eclipse.core.resources_3.13.700.v20200209-1624.jar:?]
	at org.eclipse.core.internal.resources.Workspace.build(Workspace.java:412) [org.eclipse.core.resources_3.13.700.v20200209-1624.jar:?]
	at org.eclipse.ui.actions.BuildAction$1.runInWorkspace(BuildAction.java:291) [org.eclipse.ui.ide_3.17.0.v20200217-1511.jar:?]
	at org.eclipse.core.internal.resources.InternalWorkspaceJob.run(InternalWorkspaceJob.java:42) [org.eclipse.core.resources_3.13.700.v20200209-1624.jar:?]
	at org.eclipse.core.internal.jobs.Worker.run(Worker.java:63) [org.eclipse.core.jobs_3.10.700.v20200106-1020.jar:?]
22:23:47 INFO  : Connected to target on host '127.0.0.1' and port '3121'.
22:23:47 INFO  : Jtag cable 'RealDigital Boo 8874292301D5A' is selected.
22:23:47 INFO  : 'jtag frequency' command is executed.
22:23:47 INFO  : 'targets -set -filter {jtag_cable_name =~ "RealDigital Boo 8874292301D5A" && level==0 && jtag_device_ctx=="jsn1-0362f093-0"}' command is executed.
22:23:48 INFO  : Device configured successfully with "/home/zhihaow6/Desktop/Vitis/Lab6.1/mb_blink/_ide/bitstream/mb_intro_top.bit"
22:23:48 INFO  : Context for processor 'microblaze_0' is selected.
22:23:48 INFO  : Hardware design and registers information is loaded from '/home/zhihaow6/Desktop/Vitis/Lab6.1/mb_intro_top/export/mb_intro_top/hw/mb_intro_top.xsa'.
22:23:48 INFO  : 'configparams mdm-detect-bscan-mask 2' command is executed.
22:23:48 INFO  : Context for processor 'microblaze_0' is selected.
22:23:48 INFO  : System reset is completed.
22:23:51 INFO  : 'after 3000' command is executed.
22:23:51 INFO  : Context for processor 'microblaze_0' is selected.
22:23:52 INFO  : The application '/home/zhihaow6/Desktop/Vitis/Lab6.1/mb_blink/Debug/mb_blink.elf' is downloaded to processor 'microblaze_0'.
22:23:52 INFO  : ----------------XSDB Script----------------
connect -url tcp:127.0.0.1:3121
targets -set -filter {jtag_cable_name =~ "RealDigital Boo 8874292301D5A" && level==0 && jtag_device_ctx=="jsn1-0362f093-0"}
fpga -file /home/zhihaow6/Desktop/Vitis/Lab6.1/mb_blink/_ide/bitstream/mb_intro_top.bit
targets -set -nocase -filter {name =~ "*microblaze*#0" && bscan=="USER2" }
loadhw -hw /home/zhihaow6/Desktop/Vitis/Lab6.1/mb_intro_top/export/mb_intro_top/hw/mb_intro_top.xsa -regs
configparams mdm-detect-bscan-mask 2
targets -set -nocase -filter {name =~ "*microblaze*#0" && bscan=="USER2" }
rst -system
after 3000
targets -set -nocase -filter {name =~ "*microblaze*#0" && bscan=="USER2" }
dow /home/zhihaow6/Desktop/Vitis/Lab6.1/mb_blink/Debug/mb_blink.elf
----------------End of Script----------------

22:23:52 INFO  : Context for processor 'microblaze_0' is selected.
22:23:52 INFO  : 'con' command is executed.
22:23:52 INFO  : ----------------XSDB Script (After Launch)----------------
targets -set -nocase -filter {name =~ "*microblaze*#0" && bscan=="USER2" }
con
----------------End of Script----------------

22:23:52 INFO  : Disconnected from the channel tcfchan#10.
22:25:29 INFO  : Result from executing command 'removePlatformRepo': 
22:25:43 INFO  : Result from executing command 'getProjects': mb_intro_top
22:25:43 INFO  : Result from executing command 'getPlatforms': 
22:25:46 INFO  : Checking for BSP changes to sync application flags for project 'mb_blink'...
22:25:47 INFO  : Updating application flags with new BSP settings...
22:25:47 ERROR : Failed to update application flags from BSP for 'mb_blink'. Reason: null
java.lang.NullPointerException: null
	at com.xilinx.sdk.sw.internal.SwDb.getComponentAppCompilerFlags(SwDb.java:761) ~[com.xilinx.sdk.sw_1.0.0.202210132147.jar:?]
	at com.xilinx.sdx.sw.internal.SDxSwPlatform.getSwPlatformCompilerFlags(SDxSwPlatform.java:1177) ~[com.xilinx.sdx.sw_1.0.0.202210132147.jar:?]
	at com.xilinx.sdx.sdk.core.build.AppSwBuildOptionsHelper.inferSwPlatformFlags(AppSwBuildOptionsHelper.java:54) ~[com.xilinx.sdx.sdk.core_1.0.0.202210132147.jar:?]
	at com.xilinx.sdx.sdk.core.build.AppSwBuildOptionsHelper.updateBuildOptions(AppSwBuildOptionsHelper.java:46) ~[com.xilinx.sdx.sdk.core_1.0.0.202210132147.jar:?]
	at com.xilinx.sdx.sdk.core.build.SdkMakefileGenerationListener.updateSwBuildOptions(SdkMakefileGenerationListener.java:215) ~[com.xilinx.sdx.sdk.core_1.0.0.202210132147.jar:?]
	at com.xilinx.sdx.sdk.core.build.SdkMakefileGenerationListener.syncAppFlags(SdkMakefileGenerationListener.java:99) [com.xilinx.sdx.sdk.core_1.0.0.202210132147.jar:?]
	at com.xilinx.sdx.sdk.core.build.SdkMakefileGenerationListener.preMakefileGeneration(SdkMakefileGenerationListener.java:48) [com.xilinx.sdx.sdk.core_1.0.0.202210132147.jar:?]
	at com.xilinx.sdk.managedbuilder.XilinxGnuMakefileGenerator.notifyPreMakefileGenerationListeners(XilinxGnuMakefileGenerator.java:91) [com.xilinx.sdk.managedbuilder_1.0.0.202210132147.jar:?]
	at com.xilinx.sdk.managedbuilder.XilinxGnuMakefileGenerator.regenerateMakefiles(XilinxGnuMakefileGenerator.java:75) [com.xilinx.sdk.managedbuilder_1.0.0.202210132147.jar:?]
	at org.eclipse.cdt.managedbuilder.internal.core.CommonBuilder.performMakefileGeneration(CommonBuilder.java:1006) [org.eclipse.cdt.managedbuilder.core_8.6.0.201802261533.jar:?]
	at org.eclipse.cdt.managedbuilder.internal.core.CommonBuilder.performPrebuildGeneration(CommonBuilder.java:873) [org.eclipse.cdt.managedbuilder.core_8.6.0.201802261533.jar:?]
	at org.eclipse.cdt.managedbuilder.internal.core.CommonBuilder.build(CommonBuilder.java:748) [org.eclipse.cdt.managedbuilder.core_8.6.0.201802261533.jar:?]
	at org.eclipse.cdt.managedbuilder.internal.core.CommonBuilder.build(CommonBuilder.java:513) [org.eclipse.cdt.managedbuilder.core_8.6.0.201802261533.jar:?]
	at org.eclipse.cdt.managedbuilder.internal.core.CommonBuilder.build(CommonBuilder.java:459) [org.eclipse.cdt.managedbuilder.core_8.6.0.201802261533.jar:?]
	at org.eclipse.core.internal.events.BuildManager$2.run(BuildManager.java:832) [org.eclipse.core.resources_3.13.700.v20200209-1624.jar:?]
	at org.eclipse.core.runtime.SafeRunner.run(SafeRunner.java:45) [org.eclipse.equinox.common_3.11.0.v20200206-0817.jar:?]
	at org.eclipse.core.internal.events.BuildManager.basicBuild(BuildManager.java:220) [org.eclipse.core.resources_3.13.700.v20200209-1624.jar:?]
	at org.eclipse.core.internal.events.BuildManager.basicBuild(BuildManager.java:263) [org.eclipse.core.resources_3.13.700.v20200209-1624.jar:?]
	at org.eclipse.core.internal.events.BuildManager$1.run(BuildManager.java:316) [org.eclipse.core.resources_3.13.700.v20200209-1624.jar:?]
	at org.eclipse.core.runtime.SafeRunner.run(SafeRunner.java:45) [org.eclipse.equinox.common_3.11.0.v20200206-0817.jar:?]
	at org.eclipse.core.internal.events.BuildManager.basicBuild(BuildManager.java:319) [org.eclipse.core.resources_3.13.700.v20200209-1624.jar:?]
	at org.eclipse.core.internal.events.BuildManager.basicBuildLoop(BuildManager.java:371) [org.eclipse.core.resources_3.13.700.v20200209-1624.jar:?]
	at org.eclipse.core.internal.events.BuildManager.build(BuildManager.java:392) [org.eclipse.core.resources_3.13.700.v20200209-1624.jar:?]
	at org.eclipse.core.internal.resources.Workspace.buildInternal(Workspace.java:515) [org.eclipse.core.resources_3.13.700.v20200209-1624.jar:?]
	at org.eclipse.core.internal.resources.Workspace.build(Workspace.java:412) [org.eclipse.core.resources_3.13.700.v20200209-1624.jar:?]
	at org.eclipse.ui.actions.BuildAction$1.runInWorkspace(BuildAction.java:291) [org.eclipse.ui.ide_3.17.0.v20200217-1511.jar:?]
	at org.eclipse.core.internal.resources.InternalWorkspaceJob.run(InternalWorkspaceJob.java:42) [org.eclipse.core.resources_3.13.700.v20200209-1624.jar:?]
	at org.eclipse.core.internal.jobs.Worker.run(Worker.java:63) [org.eclipse.core.jobs_3.10.700.v20200106-1020.jar:?]
22:25:58 INFO  : Connected to target on host '127.0.0.1' and port '3121'.
22:25:58 INFO  : Jtag cable 'RealDigital Boo 8874292301D5A' is selected.
22:25:58 INFO  : 'jtag frequency' command is executed.
22:25:58 INFO  : 'targets -set -filter {jtag_cable_name =~ "RealDigital Boo 8874292301D5A" && level==0 && jtag_device_ctx=="jsn1-0362f093-0"}' command is executed.
22:26:00 INFO  : Device configured successfully with "/home/zhihaow6/Desktop/Vitis/Lab6.1/mb_blink/_ide/bitstream/mb_intro_top.bit"
22:26:00 INFO  : Context for processor 'microblaze_0' is selected.
22:26:00 INFO  : Hardware design and registers information is loaded from '/home/zhihaow6/Desktop/Vitis/Lab6.1/mb_intro_top/export/mb_intro_top/hw/mb_intro_top.xsa'.
22:26:00 INFO  : 'configparams mdm-detect-bscan-mask 2' command is executed.
22:26:00 INFO  : Context for processor 'microblaze_0' is selected.
22:26:00 INFO  : System reset is completed.
22:26:03 INFO  : 'after 3000' command is executed.
22:26:03 INFO  : Context for processor 'microblaze_0' is selected.
22:26:03 INFO  : The application '/home/zhihaow6/Desktop/Vitis/Lab6.1/mb_blink/Debug/mb_blink.elf' is downloaded to processor 'microblaze_0'.
22:26:03 INFO  : ----------------XSDB Script----------------
connect -url tcp:127.0.0.1:3121
targets -set -filter {jtag_cable_name =~ "RealDigital Boo 8874292301D5A" && level==0 && jtag_device_ctx=="jsn1-0362f093-0"}
fpga -file /home/zhihaow6/Desktop/Vitis/Lab6.1/mb_blink/_ide/bitstream/mb_intro_top.bit
targets -set -nocase -filter {name =~ "*microblaze*#0" && bscan=="USER2" }
loadhw -hw /home/zhihaow6/Desktop/Vitis/Lab6.1/mb_intro_top/export/mb_intro_top/hw/mb_intro_top.xsa -regs
configparams mdm-detect-bscan-mask 2
targets -set -nocase -filter {name =~ "*microblaze*#0" && bscan=="USER2" }
rst -system
after 3000
targets -set -nocase -filter {name =~ "*microblaze*#0" && bscan=="USER2" }
dow /home/zhihaow6/Desktop/Vitis/Lab6.1/mb_blink/Debug/mb_blink.elf
----------------End of Script----------------

22:26:03 INFO  : Context for processor 'microblaze_0' is selected.
22:26:03 INFO  : 'con' command is executed.
22:26:03 INFO  : ----------------XSDB Script (After Launch)----------------
targets -set -nocase -filter {name =~ "*microblaze*#0" && bscan=="USER2" }
con
----------------End of Script----------------

22:26:03 INFO  : Disconnected from the channel tcfchan#13.
22:26:26 INFO  : Connected to target on host '127.0.0.1' and port '3121'.
22:26:27 INFO  : Jtag cable 'RealDigital Boo 8874292301D5A' is selected.
22:26:27 INFO  : 'jtag frequency' command is executed.
22:26:27 INFO  : 'targets -set -filter {jtag_cable_name =~ "RealDigital Boo 8874292301D5A" && level==0 && jtag_device_ctx=="jsn1-0362f093-0"}' command is executed.
22:26:28 INFO  : Device configured successfully with "/home/zhihaow6/Desktop/Vitis/Lab6.1/mb_blink/_ide/bitstream/mb_intro_top.bit"
22:26:28 INFO  : Context for processor 'microblaze_0' is selected.
22:26:28 INFO  : Hardware design and registers information is loaded from '/home/zhihaow6/Desktop/Vitis/Lab6.1/mb_intro_top/export/mb_intro_top/hw/mb_intro_top.xsa'.
22:26:28 INFO  : 'configparams mdm-detect-bscan-mask 2' command is executed.
22:26:28 INFO  : Context for processor 'microblaze_0' is selected.
22:26:28 INFO  : System reset is completed.
22:26:31 INFO  : 'after 3000' command is executed.
22:26:31 INFO  : Context for processor 'microblaze_0' is selected.
22:26:31 ERROR : Memory write error at 0xC50. Processor is held in reset
22:26:31 INFO  : ----------------XSDB Script----------------
connect -url tcp:127.0.0.1:3121
targets -set -filter {jtag_cable_name =~ "RealDigital Boo 8874292301D5A" && level==0 && jtag_device_ctx=="jsn1-0362f093-0"}
fpga -file /home/zhihaow6/Desktop/Vitis/Lab6.1/mb_blink/_ide/bitstream/mb_intro_top.bit
targets -set -nocase -filter {name =~ "*microblaze*#0" && bscan=="USER2" }
loadhw -hw /home/zhihaow6/Desktop/Vitis/Lab6.1/mb_intro_top/export/mb_intro_top/hw/mb_intro_top.xsa -regs
configparams mdm-detect-bscan-mask 2
targets -set -nocase -filter {name =~ "*microblaze*#0" && bscan=="USER2" }
rst -system
after 3000
targets -set -nocase -filter {name =~ "*microblaze*#0" && bscan=="USER2" }
dow /home/zhihaow6/Desktop/Vitis/Lab6.1/mb_blink/Debug/mb_blink.elf
----------------End of Script----------------

22:26:31 ERROR : Memory write error at 0xC50. Processor is held in reset
22:26:57 INFO  : Result from executing command 'removePlatformRepo': 
22:27:07 INFO  : Result from executing command 'getProjects': mb_intro_top
22:27:07 INFO  : Result from executing command 'getPlatforms': 
22:27:10 INFO  : Checking for BSP changes to sync application flags for project 'mb_blink'...
22:27:10 INFO  : Updating application flags with new BSP settings...
22:27:10 ERROR : Failed to update application flags from BSP for 'mb_blink'. Reason: null
java.lang.NullPointerException: null
	at com.xilinx.sdk.sw.internal.SwDb.getComponentAppCompilerFlags(SwDb.java:761) ~[com.xilinx.sdk.sw_1.0.0.202210132147.jar:?]
	at com.xilinx.sdx.sw.internal.SDxSwPlatform.getSwPlatformCompilerFlags(SDxSwPlatform.java:1177) ~[com.xilinx.sdx.sw_1.0.0.202210132147.jar:?]
	at com.xilinx.sdx.sdk.core.build.AppSwBuildOptionsHelper.inferSwPlatformFlags(AppSwBuildOptionsHelper.java:54) ~[com.xilinx.sdx.sdk.core_1.0.0.202210132147.jar:?]
	at com.xilinx.sdx.sdk.core.build.AppSwBuildOptionsHelper.updateBuildOptions(AppSwBuildOptionsHelper.java:46) ~[com.xilinx.sdx.sdk.core_1.0.0.202210132147.jar:?]
	at com.xilinx.sdx.sdk.core.build.SdkMakefileGenerationListener.updateSwBuildOptions(SdkMakefileGenerationListener.java:215) ~[com.xilinx.sdx.sdk.core_1.0.0.202210132147.jar:?]
	at com.xilinx.sdx.sdk.core.build.SdkMakefileGenerationListener.syncAppFlags(SdkMakefileGenerationListener.java:99) [com.xilinx.sdx.sdk.core_1.0.0.202210132147.jar:?]
	at com.xilinx.sdx.sdk.core.build.SdkMakefileGenerationListener.preMakefileGeneration(SdkMakefileGenerationListener.java:48) [com.xilinx.sdx.sdk.core_1.0.0.202210132147.jar:?]
	at com.xilinx.sdk.managedbuilder.XilinxGnuMakefileGenerator.notifyPreMakefileGenerationListeners(XilinxGnuMakefileGenerator.java:91) [com.xilinx.sdk.managedbuilder_1.0.0.202210132147.jar:?]
	at com.xilinx.sdk.managedbuilder.XilinxGnuMakefileGenerator.regenerateMakefiles(XilinxGnuMakefileGenerator.java:75) [com.xilinx.sdk.managedbuilder_1.0.0.202210132147.jar:?]
	at org.eclipse.cdt.managedbuilder.internal.core.CommonBuilder.performMakefileGeneration(CommonBuilder.java:1006) [org.eclipse.cdt.managedbuilder.core_8.6.0.201802261533.jar:?]
	at org.eclipse.cdt.managedbuilder.internal.core.CommonBuilder.performPrebuildGeneration(CommonBuilder.java:873) [org.eclipse.cdt.managedbuilder.core_8.6.0.201802261533.jar:?]
	at org.eclipse.cdt.managedbuilder.internal.core.CommonBuilder.build(CommonBuilder.java:748) [org.eclipse.cdt.managedbuilder.core_8.6.0.201802261533.jar:?]
	at org.eclipse.cdt.managedbuilder.internal.core.CommonBuilder.build(CommonBuilder.java:513) [org.eclipse.cdt.managedbuilder.core_8.6.0.201802261533.jar:?]
	at org.eclipse.cdt.managedbuilder.internal.core.CommonBuilder.build(CommonBuilder.java:459) [org.eclipse.cdt.managedbuilder.core_8.6.0.201802261533.jar:?]
	at org.eclipse.core.internal.events.BuildManager$2.run(BuildManager.java:832) [org.eclipse.core.resources_3.13.700.v20200209-1624.jar:?]
	at org.eclipse.core.runtime.SafeRunner.run(SafeRunner.java:45) [org.eclipse.equinox.common_3.11.0.v20200206-0817.jar:?]
	at org.eclipse.core.internal.events.BuildManager.basicBuild(BuildManager.java:220) [org.eclipse.core.resources_3.13.700.v20200209-1624.jar:?]
	at org.eclipse.core.internal.events.BuildManager.basicBuild(BuildManager.java:263) [org.eclipse.core.resources_3.13.700.v20200209-1624.jar:?]
	at org.eclipse.core.internal.events.BuildManager$1.run(BuildManager.java:316) [org.eclipse.core.resources_3.13.700.v20200209-1624.jar:?]
	at org.eclipse.core.runtime.SafeRunner.run(SafeRunner.java:45) [org.eclipse.equinox.common_3.11.0.v20200206-0817.jar:?]
	at org.eclipse.core.internal.events.BuildManager.basicBuild(BuildManager.java:319) [org.eclipse.core.resources_3.13.700.v20200209-1624.jar:?]
	at org.eclipse.core.internal.events.BuildManager.basicBuildLoop(BuildManager.java:371) [org.eclipse.core.resources_3.13.700.v20200209-1624.jar:?]
	at org.eclipse.core.internal.events.BuildManager.build(BuildManager.java:392) [org.eclipse.core.resources_3.13.700.v20200209-1624.jar:?]
	at org.eclipse.core.internal.resources.Workspace.buildInternal(Workspace.java:515) [org.eclipse.core.resources_3.13.700.v20200209-1624.jar:?]
	at org.eclipse.core.internal.resources.Workspace.build(Workspace.java:412) [org.eclipse.core.resources_3.13.700.v20200209-1624.jar:?]
	at org.eclipse.ui.actions.BuildAction$1.runInWorkspace(BuildAction.java:291) [org.eclipse.ui.ide_3.17.0.v20200217-1511.jar:?]
	at org.eclipse.core.internal.resources.InternalWorkspaceJob.run(InternalWorkspaceJob.java:42) [org.eclipse.core.resources_3.13.700.v20200209-1624.jar:?]
	at org.eclipse.core.internal.jobs.Worker.run(Worker.java:63) [org.eclipse.core.jobs_3.10.700.v20200106-1020.jar:?]
22:27:19 INFO  : Connected to target on host '127.0.0.1' and port '3121'.
22:27:19 INFO  : Jtag cable 'RealDigital Boo 8874292301D5A' is selected.
22:27:19 INFO  : 'jtag frequency' command is executed.
22:27:19 INFO  : 'targets -set -filter {jtag_cable_name =~ "RealDigital Boo 8874292301D5A" && level==0 && jtag_device_ctx=="jsn1-0362f093-0"}' command is executed.
22:27:20 INFO  : Device configured successfully with "/home/zhihaow6/Desktop/Vitis/Lab6.1/mb_blink/_ide/bitstream/mb_intro_top.bit"
22:27:20 INFO  : Context for processor 'microblaze_0' is selected.
22:27:20 INFO  : Hardware design and registers information is loaded from '/home/zhihaow6/Desktop/Vitis/Lab6.1/mb_intro_top/export/mb_intro_top/hw/mb_intro_top.xsa'.
22:27:20 INFO  : 'configparams mdm-detect-bscan-mask 2' command is executed.
22:27:20 INFO  : Context for processor 'microblaze_0' is selected.
22:27:20 INFO  : System reset is completed.
22:27:23 INFO  : 'after 3000' command is executed.
22:27:23 INFO  : Context for processor 'microblaze_0' is selected.
22:27:23 INFO  : The application '/home/zhihaow6/Desktop/Vitis/Lab6.1/mb_blink/Debug/mb_blink.elf' is downloaded to processor 'microblaze_0'.
22:27:23 INFO  : ----------------XSDB Script----------------
connect -url tcp:127.0.0.1:3121
targets -set -filter {jtag_cable_name =~ "RealDigital Boo 8874292301D5A" && level==0 && jtag_device_ctx=="jsn1-0362f093-0"}
fpga -file /home/zhihaow6/Desktop/Vitis/Lab6.1/mb_blink/_ide/bitstream/mb_intro_top.bit
targets -set -nocase -filter {name =~ "*microblaze*#0" && bscan=="USER2" }
loadhw -hw /home/zhihaow6/Desktop/Vitis/Lab6.1/mb_intro_top/export/mb_intro_top/hw/mb_intro_top.xsa -regs
configparams mdm-detect-bscan-mask 2
targets -set -nocase -filter {name =~ "*microblaze*#0" && bscan=="USER2" }
rst -system
after 3000
targets -set -nocase -filter {name =~ "*microblaze*#0" && bscan=="USER2" }
dow /home/zhihaow6/Desktop/Vitis/Lab6.1/mb_blink/Debug/mb_blink.elf
----------------End of Script----------------

22:27:23 INFO  : Context for processor 'microblaze_0' is selected.
22:27:23 INFO  : 'con' command is executed.
22:27:23 INFO  : ----------------XSDB Script (After Launch)----------------
targets -set -nocase -filter {name =~ "*microblaze*#0" && bscan=="USER2" }
con
----------------End of Script----------------

22:27:23 INFO  : Disconnected from the channel tcfchan#14.
22:46:23 INFO  : Hardware specification for platform project 'mb_intro_top' is updated.
22:57:57 DEBUG : Logs will be stored at '/home/zhihaow6/Desktop/Vitis/Lab6.1/IDE.log'.
22:57:58 INFO  : Launching XSCT server: xsct -n  -interactive /home/zhihaow6/Desktop/Vitis/Lab6.1/temp_xsdb_launch_script.tcl
22:57:59 INFO  : Platform repository initialization has completed.
22:57:59 INFO  : Registering command handlers for Vitis TCF services
22:58:00 INFO  : XSCT server has started successfully.
22:58:00 INFO  : Successfully done setting XSCT server connection channel  
22:58:00 INFO  : plnx-install-location is set to ''
22:58:00 INFO  : Successfully done setting workspace for the tool. 
22:58:00 INFO  : Successfully done query RDI_DATADIR 
22:58:46 INFO  : Hardware specification for platform project 'mb_intro_top' is updated.
22:59:47 INFO  : Hardware specification for platform project 'mb_intro_top' is updated.
23:00:50 INFO  : Hardware specification for platform project 'mb_intro_top' is updated.
23:02:24 INFO  : Result from executing command 'removePlatformRepo': 
23:02:39 INFO  : Result from executing command 'getProjects': mb_intro_top
23:02:39 INFO  : Result from executing command 'getPlatforms': 
23:02:42 INFO  : Checking for BSP changes to sync application flags for project 'mb_blink'...
23:02:42 INFO  : Updating application flags with new BSP settings...
23:02:43 INFO  : Successfully updated application flags for project mb_blink.
23:02:43 INFO  : The hardware specification used by project 'mb_blink' is out of sync with the platform. Resource files extracted from the hardware specification will be updated.
23:02:43 INFO  : The file '/home/zhihaow6/Desktop/Vitis/Lab6.1/mb_blink/_ide/bitstream/mb_intro_top.bit' stored in project is removed.
23:02:43 INFO  : The file '/home/zhihaow6/Desktop/Vitis/Lab6.1/mb_blink/_ide/bitstream/mb_intro_top.mmi' stored in project is removed.
23:02:43 INFO  : The updated bitstream files are copied from platform to folder '/home/zhihaow6/Desktop/Vitis/Lab6.1/mb_blink/_ide/bitstream' in project 'mb_blink'.
23:03:36 INFO  : Result from executing command 'removePlatformRepo': 
23:03:44 INFO  : Result from executing command 'getProjects': mb_intro_top
23:03:44 INFO  : Result from executing command 'getPlatforms': 
23:03:47 INFO  : Checking for BSP changes to sync application flags for project 'mb_blink'...
23:04:08 INFO  : Connected to target on host '127.0.0.1' and port '3121'.
23:04:08 INFO  : Jtag cable 'RealDigital Boo 8874292301D5A' is selected.
23:04:08 INFO  : 'jtag frequency' command is executed.
23:04:08 INFO  : 'targets -set -filter {jtag_cable_name =~ "RealDigital Boo 8874292301D5A" && level==0 && jtag_device_ctx=="jsn1-0362f093-0"}' command is executed.
23:04:10 INFO  : Device configured successfully with "/home/zhihaow6/Desktop/Vitis/Lab6.1/mb_blink/_ide/bitstream/mb_intro_top.bit"
23:04:10 INFO  : Context for processor 'microblaze_0' is selected.
23:04:10 INFO  : Hardware design and registers information is loaded from '/home/zhihaow6/Desktop/Vitis/Lab6.1/mb_intro_top/export/mb_intro_top/hw/mb_intro_top.xsa'.
23:04:10 INFO  : 'configparams mdm-detect-bscan-mask 2' command is executed.
23:04:10 INFO  : Context for processor 'microblaze_0' is selected.
23:04:10 INFO  : System reset is completed.
23:04:13 INFO  : 'after 3000' command is executed.
23:04:13 INFO  : Context for processor 'microblaze_0' is selected.
23:04:13 INFO  : The application '/home/zhihaow6/Desktop/Vitis/Lab6.1/mb_blink/Debug/mb_blink.elf' is downloaded to processor 'microblaze_0'.
23:04:13 INFO  : ----------------XSDB Script----------------
connect -url tcp:127.0.0.1:3121
targets -set -filter {jtag_cable_name =~ "RealDigital Boo 8874292301D5A" && level==0 && jtag_device_ctx=="jsn1-0362f093-0"}
fpga -file /home/zhihaow6/Desktop/Vitis/Lab6.1/mb_blink/_ide/bitstream/mb_intro_top.bit
targets -set -nocase -filter {name =~ "*microblaze*#0" && bscan=="USER2" }
loadhw -hw /home/zhihaow6/Desktop/Vitis/Lab6.1/mb_intro_top/export/mb_intro_top/hw/mb_intro_top.xsa -regs
configparams mdm-detect-bscan-mask 2
targets -set -nocase -filter {name =~ "*microblaze*#0" && bscan=="USER2" }
rst -system
after 3000
targets -set -nocase -filter {name =~ "*microblaze*#0" && bscan=="USER2" }
dow /home/zhihaow6/Desktop/Vitis/Lab6.1/mb_blink/Debug/mb_blink.elf
----------------End of Script----------------

23:04:13 INFO  : Context for processor 'microblaze_0' is selected.
23:04:13 INFO  : 'con' command is executed.
23:04:13 INFO  : ----------------XSDB Script (After Launch)----------------
targets -set -nocase -filter {name =~ "*microblaze*#0" && bscan=="USER2" }
con
----------------End of Script----------------

23:04:13 INFO  : Disconnected from the channel tcfchan#5.
23:12:54 DEBUG : Logs will be stored at '/home/zhihaow6/Desktop/Vitis/Lab6.1/IDE.log'.
23:12:54 INFO  : Launching XSCT server: xsct -n  -interactive /home/zhihaow6/Desktop/Vitis/Lab6.1/temp_xsdb_launch_script.tcl
23:12:55 INFO  : Platform repository initialization has completed.
23:12:56 INFO  : Registering command handlers for Vitis TCF services
23:12:56 INFO  : XSCT server has started successfully.
23:12:56 INFO  : plnx-install-location is set to ''
23:12:56 INFO  : Successfully done setting XSCT server connection channel  
23:12:56 INFO  : Successfully done query RDI_DATADIR 
23:12:56 INFO  : Successfully done setting workspace for the tool. 
23:15:49 INFO  : Result from executing command 'removePlatformRepo': 
23:15:54 INFO  : Result from executing command 'getProjects': mb_intro_top
23:15:54 INFO  : Result from executing command 'getPlatforms': 
23:15:57 INFO  : Checking for BSP changes to sync application flags for project 'mb_blink'...
23:16:04 INFO  : Connected to target on host '127.0.0.1' and port '3121'.
23:16:04 INFO  : Jtag cable 'RealDigital Boo 8874292301D5A' is selected.
23:16:04 INFO  : 'jtag frequency' command is executed.
23:16:04 INFO  : 'targets -set -filter {jtag_cable_name =~ "RealDigital Boo 8874292301D5A" && level==0 && jtag_device_ctx=="jsn1-0362f093-0"}' command is executed.
23:16:05 INFO  : Device configured successfully with "/home/zhihaow6/Desktop/Vitis/Lab6.1/mb_blink/_ide/bitstream/mb_intro_top.bit"
23:16:05 INFO  : Context for processor 'microblaze_0' is selected.
23:16:05 INFO  : Hardware design and registers information is loaded from '/home/zhihaow6/Desktop/Vitis/Lab6.1/mb_intro_top/export/mb_intro_top/hw/mb_intro_top.xsa'.
23:16:05 INFO  : 'configparams mdm-detect-bscan-mask 2' command is executed.
23:16:05 INFO  : Context for processor 'microblaze_0' is selected.
23:16:05 INFO  : System reset is completed.
23:16:08 INFO  : 'after 3000' command is executed.
23:16:08 INFO  : Context for processor 'microblaze_0' is selected.
23:16:08 INFO  : The application '/home/zhihaow6/Desktop/Vitis/Lab6.1/mb_blink/Debug/mb_blink.elf' is downloaded to processor 'microblaze_0'.
23:16:08 INFO  : ----------------XSDB Script----------------
connect -url tcp:127.0.0.1:3121
targets -set -filter {jtag_cable_name =~ "RealDigital Boo 8874292301D5A" && level==0 && jtag_device_ctx=="jsn1-0362f093-0"}
fpga -file /home/zhihaow6/Desktop/Vitis/Lab6.1/mb_blink/_ide/bitstream/mb_intro_top.bit
targets -set -nocase -filter {name =~ "*microblaze*#0" && bscan=="USER2" }
loadhw -hw /home/zhihaow6/Desktop/Vitis/Lab6.1/mb_intro_top/export/mb_intro_top/hw/mb_intro_top.xsa -regs
configparams mdm-detect-bscan-mask 2
targets -set -nocase -filter {name =~ "*microblaze*#0" && bscan=="USER2" }
rst -system
after 3000
targets -set -nocase -filter {name =~ "*microblaze*#0" && bscan=="USER2" }
dow /home/zhihaow6/Desktop/Vitis/Lab6.1/mb_blink/Debug/mb_blink.elf
----------------End of Script----------------

23:16:08 INFO  : Context for processor 'microblaze_0' is selected.
23:16:08 INFO  : 'con' command is executed.
23:16:08 INFO  : ----------------XSDB Script (After Launch)----------------
targets -set -nocase -filter {name =~ "*microblaze*#0" && bscan=="USER2" }
con
----------------End of Script----------------

23:16:08 INFO  : Disconnected from the channel tcfchan#3.
23:18:23 INFO  : Result from executing command 'removePlatformRepo': 
23:18:30 INFO  : Result from executing command 'getProjects': mb_intro_top
23:18:30 INFO  : Result from executing command 'getPlatforms': 
23:18:33 INFO  : Checking for BSP changes to sync application flags for project 'mb_blink'...
23:18:38 INFO  : Connected to target on host '127.0.0.1' and port '3121'.
23:18:38 INFO  : Jtag cable 'RealDigital Boo 8874292301D5A' is selected.
23:18:38 INFO  : 'jtag frequency' command is executed.
23:18:38 INFO  : 'targets -set -filter {jtag_cable_name =~ "RealDigital Boo 8874292301D5A" && level==0 && jtag_device_ctx=="jsn1-0362f093-0"}' command is executed.
23:18:39 INFO  : Device configured successfully with "/home/zhihaow6/Desktop/Vitis/Lab6.1/mb_blink/_ide/bitstream/mb_intro_top.bit"
23:18:40 INFO  : Context for processor 'microblaze_0' is selected.
23:18:40 INFO  : Hardware design and registers information is loaded from '/home/zhihaow6/Desktop/Vitis/Lab6.1/mb_intro_top/export/mb_intro_top/hw/mb_intro_top.xsa'.
23:18:40 INFO  : 'configparams mdm-detect-bscan-mask 2' command is executed.
23:18:40 INFO  : Context for processor 'microblaze_0' is selected.
23:18:40 INFO  : System reset is completed.
23:18:43 INFO  : 'after 3000' command is executed.
23:18:43 INFO  : Context for processor 'microblaze_0' is selected.
23:18:43 INFO  : The application '/home/zhihaow6/Desktop/Vitis/Lab6.1/mb_blink/Debug/mb_blink.elf' is downloaded to processor 'microblaze_0'.
23:18:43 INFO  : ----------------XSDB Script----------------
connect -url tcp:127.0.0.1:3121
targets -set -filter {jtag_cable_name =~ "RealDigital Boo 8874292301D5A" && level==0 && jtag_device_ctx=="jsn1-0362f093-0"}
fpga -file /home/zhihaow6/Desktop/Vitis/Lab6.1/mb_blink/_ide/bitstream/mb_intro_top.bit
targets -set -nocase -filter {name =~ "*microblaze*#0" && bscan=="USER2" }
loadhw -hw /home/zhihaow6/Desktop/Vitis/Lab6.1/mb_intro_top/export/mb_intro_top/hw/mb_intro_top.xsa -regs
configparams mdm-detect-bscan-mask 2
targets -set -nocase -filter {name =~ "*microblaze*#0" && bscan=="USER2" }
rst -system
after 3000
targets -set -nocase -filter {name =~ "*microblaze*#0" && bscan=="USER2" }
dow /home/zhihaow6/Desktop/Vitis/Lab6.1/mb_blink/Debug/mb_blink.elf
----------------End of Script----------------

23:18:43 INFO  : Context for processor 'microblaze_0' is selected.
23:18:43 INFO  : 'con' command is executed.
23:18:43 INFO  : ----------------XSDB Script (After Launch)----------------
targets -set -nocase -filter {name =~ "*microblaze*#0" && bscan=="USER2" }
con
----------------End of Script----------------

23:18:43 INFO  : Disconnected from the channel tcfchan#6.
23:20:53 INFO  : Result from executing command 'removePlatformRepo': 
23:21:05 INFO  : Result from executing command 'getProjects': mb_intro_top
23:21:05 INFO  : Result from executing command 'getPlatforms': 
23:21:08 INFO  : Checking for BSP changes to sync application flags for project 'mb_blink'...
23:24:50 INFO  : Result from executing command 'removePlatformRepo': 
23:24:56 INFO  : Result from executing command 'getProjects': mb_intro_top
23:24:56 INFO  : Result from executing command 'getPlatforms': 
23:24:59 INFO  : Checking for BSP changes to sync application flags for project 'mb_blink'...
23:25:09 INFO  : Connected to target on host '127.0.0.1' and port '3121'.
23:25:09 INFO  : Jtag cable 'RealDigital Boo 8874292301D5A' is selected.
23:25:09 INFO  : 'jtag frequency' command is executed.
23:25:09 INFO  : 'targets -set -filter {jtag_cable_name =~ "RealDigital Boo 8874292301D5A" && level==0 && jtag_device_ctx=="jsn1-0362f093-0"}' command is executed.
23:25:11 INFO  : Device configured successfully with "/home/zhihaow6/Desktop/Vitis/Lab6.1/mb_blink/_ide/bitstream/mb_intro_top.bit"
23:25:11 INFO  : Context for processor 'microblaze_0' is selected.
23:25:11 INFO  : Hardware design and registers information is loaded from '/home/zhihaow6/Desktop/Vitis/Lab6.1/mb_intro_top/export/mb_intro_top/hw/mb_intro_top.xsa'.
23:25:11 INFO  : 'configparams mdm-detect-bscan-mask 2' command is executed.
23:25:11 INFO  : Context for processor 'microblaze_0' is selected.
23:25:11 INFO  : System reset is completed.
23:25:14 INFO  : 'after 3000' command is executed.
23:25:14 INFO  : Context for processor 'microblaze_0' is selected.
23:25:14 INFO  : The application '/home/zhihaow6/Desktop/Vitis/Lab6.1/mb_blink/Debug/mb_blink.elf' is downloaded to processor 'microblaze_0'.
23:25:14 INFO  : ----------------XSDB Script----------------
connect -url tcp:127.0.0.1:3121
targets -set -filter {jtag_cable_name =~ "RealDigital Boo 8874292301D5A" && level==0 && jtag_device_ctx=="jsn1-0362f093-0"}
fpga -file /home/zhihaow6/Desktop/Vitis/Lab6.1/mb_blink/_ide/bitstream/mb_intro_top.bit
targets -set -nocase -filter {name =~ "*microblaze*#0" && bscan=="USER2" }
loadhw -hw /home/zhihaow6/Desktop/Vitis/Lab6.1/mb_intro_top/export/mb_intro_top/hw/mb_intro_top.xsa -regs
configparams mdm-detect-bscan-mask 2
targets -set -nocase -filter {name =~ "*microblaze*#0" && bscan=="USER2" }
rst -system
after 3000
targets -set -nocase -filter {name =~ "*microblaze*#0" && bscan=="USER2" }
dow /home/zhihaow6/Desktop/Vitis/Lab6.1/mb_blink/Debug/mb_blink.elf
----------------End of Script----------------

23:25:14 INFO  : Context for processor 'microblaze_0' is selected.
23:25:14 INFO  : 'con' command is executed.
23:25:14 INFO  : ----------------XSDB Script (After Launch)----------------
targets -set -nocase -filter {name =~ "*microblaze*#0" && bscan=="USER2" }
con
----------------End of Script----------------

23:25:14 INFO  : Disconnected from the channel tcfchan#11.
23:27:52 INFO  : Result from executing command 'removePlatformRepo': 
23:28:00 INFO  : Result from executing command 'getProjects': mb_intro_top
23:28:00 INFO  : Result from executing command 'getPlatforms': 
23:28:04 INFO  : Checking for BSP changes to sync application flags for project 'mb_blink'...
23:28:11 INFO  : Connected to target on host '127.0.0.1' and port '3121'.
23:28:11 INFO  : Jtag cable 'RealDigital Boo 8874292301D5A' is selected.
23:28:11 INFO  : 'jtag frequency' command is executed.
23:28:11 INFO  : 'targets -set -filter {jtag_cable_name =~ "RealDigital Boo 8874292301D5A" && level==0 && jtag_device_ctx=="jsn1-0362f093-0"}' command is executed.
23:28:12 INFO  : Device configured successfully with "/home/zhihaow6/Desktop/Vitis/Lab6.1/mb_blink/_ide/bitstream/mb_intro_top.bit"
23:28:12 INFO  : Context for processor 'microblaze_0' is selected.
23:28:12 INFO  : Hardware design and registers information is loaded from '/home/zhihaow6/Desktop/Vitis/Lab6.1/mb_intro_top/export/mb_intro_top/hw/mb_intro_top.xsa'.
23:28:12 INFO  : 'configparams mdm-detect-bscan-mask 2' command is executed.
23:28:12 INFO  : Context for processor 'microblaze_0' is selected.
23:28:12 INFO  : System reset is completed.
23:28:15 INFO  : 'after 3000' command is executed.
23:28:15 INFO  : Context for processor 'microblaze_0' is selected.
23:28:15 INFO  : The application '/home/zhihaow6/Desktop/Vitis/Lab6.1/mb_blink/Debug/mb_blink.elf' is downloaded to processor 'microblaze_0'.
23:28:15 INFO  : ----------------XSDB Script----------------
connect -url tcp:127.0.0.1:3121
targets -set -filter {jtag_cable_name =~ "RealDigital Boo 8874292301D5A" && level==0 && jtag_device_ctx=="jsn1-0362f093-0"}
fpga -file /home/zhihaow6/Desktop/Vitis/Lab6.1/mb_blink/_ide/bitstream/mb_intro_top.bit
targets -set -nocase -filter {name =~ "*microblaze*#0" && bscan=="USER2" }
loadhw -hw /home/zhihaow6/Desktop/Vitis/Lab6.1/mb_intro_top/export/mb_intro_top/hw/mb_intro_top.xsa -regs
configparams mdm-detect-bscan-mask 2
targets -set -nocase -filter {name =~ "*microblaze*#0" && bscan=="USER2" }
rst -system
after 3000
targets -set -nocase -filter {name =~ "*microblaze*#0" && bscan=="USER2" }
dow /home/zhihaow6/Desktop/Vitis/Lab6.1/mb_blink/Debug/mb_blink.elf
----------------End of Script----------------

23:28:15 INFO  : Context for processor 'microblaze_0' is selected.
23:28:15 INFO  : 'con' command is executed.
23:28:15 INFO  : ----------------XSDB Script (After Launch)----------------
targets -set -nocase -filter {name =~ "*microblaze*#0" && bscan=="USER2" }
con
----------------End of Script----------------

23:28:15 INFO  : Disconnected from the channel tcfchan#14.
